<?xml version="1.0" encoding="UTF-8"?>
<!-- Generated by org.testng.reporters.JUnitXMLReporter -->
<testsuite ignored="4" hostname="Athirahs-MacBook-Air.local" failures="0" tests="1" name="Default test" time="26.468" errors="0" timestamp="2024-09-12T01:58:59 MYT">
  <testcase classname="athirahrahmat.iOSBasics" name="DatePickerItem" time="5.369"/>
  <testcase classname="athirahrahmat.iOSBasics" name="AlertView" time="0.0">
    <ignored/>
  </testcase> <!-- AlertView -->
  <testcase classname="athirahrahmat.iOSBasics" name="WebViewItem" time="0.0">
    <ignored/>
  </testcase> <!-- WebViewItem -->
  <testcase classname="athirahrahmat.iOSBasics" name="SearchItem" time="0.0">
    <ignored/>
  </testcase> <!-- SearchItem -->
  <testcase classname="athirahrahmat.iOSBasics" name="Slider" time="0.0">
    <ignored/>
  </testcase> <!-- Slider -->
</testsuite> <!-- Default test -->
