<?xml version="1.0" encoding="UTF-8"?>
<!-- Generated by org.testng.reporters.JUnitXMLReporter -->
<testsuite ignored="0" hostname="Athirahs-MacBook-Air.local" failures="0" tests="3" name="Default test" time="21.51" errors="0" timestamp="2024-09-11T03:24:51 MYT">
  <testcase classname="athirahrahmat.Fragments" name="fragmentPage" time="3.539"/>
  <testcase classname="athirahrahmat.Fragments" name="launchInternetWindow" time="3.54"/>
  <testcase classname="athirahrahmat.Fragments" name="listPreference" time="2.407"/>
</testsuite> <!-- Default test -->
