<?xml version="1.0" encoding="UTF-8"?>
<testng-results ignored="0" total="1" passed="1" failed="0" skipped="0">
  <reporter-output>
  </reporter-output>
  <suite started-at="2024-09-12T01:58:32 MYT" name="Default suite" finished-at="2024-09-12T01:58:59 MYT" duration-ms="26468">
    <groups>
    </groups>
    <test started-at="2024-09-12T01:58:32 MYT" name="Default test" finished-at="2024-09-12T01:58:59 MYT" duration-ms="26468">
      <class name="athirahrahmat.iOSBasics">
        <test-method is-config="true" signature="configurations()[pri:0, instance:athirahrahmat.iOSBasics@67d48005]" started-at="2024-09-12T01:58:32 MYT" name="configurations" finished-at="2024-09-12T01:58:48 MYT" duration-ms="15790" status="PASS">
          <reporter-output>
          </reporter-output>
        </test-method> <!-- configurations -->
        <test-method signature="DatePickerItem()[pri:0, instance:athirahrahmat.iOSBasics@67d48005]" started-at="2024-09-12T01:58:48 MYT" name="DatePickerItem" finished-at="2024-09-12T01:58:53 MYT" duration-ms="5369" status="PASS">
          <reporter-output>
          </reporter-output>
        </test-method> <!-- DatePickerItem -->
        <test-method is-config="true" signature="tearDown()[pri:0, instance:athirahrahmat.iOSBasics@67d48005]" started-at="2024-09-12T01:58:53 MYT" name="tearDown" finished-at="2024-09-12T01:58:59 MYT" duration-ms="5282" status="PASS">
          <reporter-output>
          </reporter-output>
        </test-method> <!-- tearDown -->
      </class> <!-- athirahrahmat.iOSBasics -->
    </test> <!-- Default test -->
  </suite> <!-- Default suite -->
</testng-results>
